0 silly argv {
0 silly argv   _: [ 'add' ],
0 silly argv   scope: 'blog-page',
0 silly argv   globs: [],
0 silly argv   lernaVersion: '4.0.0',
0 silly argv   '$0': '/Users/rakeeb/Documents/Code/ghost-loading/node_modules/.bin/lerna',
0 silly argv   pkg: 'blog-page'
0 silly argv }
1 notice cli v4.0.0
2 verbose rootPath /Users/rakeeb/Documents/Code/ghost-loading
3 info versioning independent
4 error Error: Invalid tag name "^ls8.2.5": Tags may not have any characters that encodeURIComponent encodes.
4 error     at invalidTagName (/Users/rakeeb/Documents/Code/ghost-loading/node_modules/npm-package-arg/npa.js:89:15)
4 error     at fromRegistry (/Users/rakeeb/Documents/Code/ghost-loading/node_modules/npm-package-arg/npa.js:343:13)
4 error     at Function.resolve (/Users/rakeeb/Documents/Code/ghost-loading/node_modules/npm-package-arg/npa.js:80:12)
4 error     at /Users/rakeeb/Documents/Code/ghost-loading/node_modules/@lerna/package-graph/index.js:66:30
4 error     at Array.forEach (<anonymous>)
4 error     at /Users/rakeeb/Documents/Code/ghost-loading/node_modules/@lerna/package-graph/index.js:60:38
4 error     at Map.forEach (<anonymous>)
4 error     at new PackageGraph (/Users/rakeeb/Documents/Code/ghost-loading/node_modules/@lerna/package-graph/index.js:49:10)
